[0m15:34:40.150381 [debug] [MainThread]: Sending event: {'category': 'dbt', 'action': 'invocation', 'label': 'start', 'context': [<snowplow_tracker.self_describing_json.SelfDescribingJson object at 0x000001E1A94CCAD0>, <snowplow_tracker.self_describing_json.SelfDescribingJson object at 0x000001E1AA5FBED0>, <snowplow_tracker.self_describing_json.SelfDescribingJson object at 0x000001E1AA5FBB10>]}


============================== 15:34:40.155920 | a56e3fd0-d61e-4e0d-a5dc-f29ee70a0f76 ==============================
[0m15:34:40.155920 [info ] [MainThread]: Running with dbt=1.11.6
[0m15:34:40.156572 [debug] [MainThread]: running dbt with arguments {'version_check': 'True', 'no_print': 'None', 'static_parser': 'True', 'target_path': 'None', 'warn_error_options': 'WarnErrorOptionsV2(error=[], warn=[], silence=[])', 'printer_width': '80', 'write_json': 'True', 'introspect': 'True', 'log_cache_events': 'False', 'empty': 'None', 'cache_selected_only': 'False', 'fail_fast': 'False', 'debug': 'False', 'log_format': 'default', 'partial_parse': 'True', 'send_anonymous_usage_stats': 'True', 'quiet': 'False', 'warn_error': 'None', 'profiles_dir': 'C:\\Users\\Black\\.dbt', 'use_colors': 'True', 'invocation_command': 'dbt init .', 'indirect_selection': 'eager', 'use_experimental_parser': 'False', 'log_path': 'logs'}
[0m15:34:40.176125 [info ] [MainThread]: Creating dbt configuration folder at C:\Users\Black\.dbt
[0m15:34:47.151971 [debug] [MainThread]: Starter project path: C:\Users\Black\AppData\Local\Programs\Python\Python313\Lib\site-packages\dbt\include\starter_project
[0m15:34:47.217859 [info ] [MainThread]: 
Your new dbt project "proj" was created!

For more information on how to configure the profiles.yml file,
please consult the dbt documentation here:

  https://docs.getdbt.com/docs/configure-your-profile

One more thing:

Need help? Don't hesitate to reach out to us via GitHub issues or on Slack:

  https://community.getdbt.com/

Happy modeling!

[0m15:34:47.218552 [info ] [MainThread]: Setting up your profile.
[0m15:34:51.123264 [info ] [MainThread]: Profile proj written to C:\Users\Black\.dbt\profiles.yml using target's sample configuration. Once updated, you'll be able to start developing with dbt.
[0m15:34:51.124703 [debug] [MainThread]: Command `dbt init` succeeded at 15:34:51.124581 after 11.11 seconds
[0m15:34:51.125065 [debug] [MainThread]: Sending event: {'category': 'dbt', 'action': 'invocation', 'label': 'end', 'context': [<snowplow_tracker.self_describing_json.SelfDescribingJson object at 0x000001E1AA607230>, <snowplow_tracker.self_describing_json.SelfDescribingJson object at 0x000001E1A9FB8EF0>, <snowplow_tracker.self_describing_json.SelfDescribingJson object at 0x000001E1AA6A1BF0>]}
[0m15:34:51.125497 [debug] [MainThread]: Flushing usage events
[0m15:34:52.243999 [debug] [MainThread]: An error was encountered while trying to flush usage events
